<?xml version="1.0" encoding="UTF-8"?>
<!-- Generated by org.testng.reporters.JUnitXMLReporter -->
<testsuite hostname="DESKTOP-VF8271D" failures="1" tests="2" name="Nopackage" time="12.258" errors="0" timestamp="21 Jun 2021 06:29:57 GMT">
  <testcase classname="com.hrms.TestScripts.TC001" name="TC001" time="12.228"/>
  <testcase classname="com.hrms.TestScripts.TC002" name="TC002" time="0.003">
    <failure type="java.lang.NullPointerException" message="Cannot invoke &amp;quot;org.openqa.selenium.WebDriver.findElement(org.openqa.selenium.By)&amp;quot; because &amp;quot;this.driver&amp;quot; is null">
      <![CDATA[java.lang.NullPointerException: Cannot invoke "org.openqa.selenium.WebDriver.findElement(org.openqa.selenium.By)" because "this.driver" is null
	at com.hrms.lib.General.AddEmployee(General.java:36)
	at com.hrms.TestScripts.TC002.TC002(TC002.java:13)
... Removed 24 stack frames]]>
    </failure>
  </testcase> <!-- TC002 -->
</testsuite> <!-- Nopackage -->
